{"$message_type":"diagnostic","message":"cannot find value `C` in this scope","code":{"code":"E0425","explanation":"An unresolved name was used.\n\nErroneous code examples:\n\n```compile_fail,E0425\nsomething_that_doesnt_exist::foo;\n// error: unresolved name `something_that_doesnt_exist::foo`\n\n// or:\n\ntrait Foo {\n    fn bar() {\n        Self; // error: unresolved name `Self`\n    }\n}\n\n// or:\n\nlet x = unknown_variable;  // error: unresolved name `unknown_variable`\n```\n\nPlease verify that the name wasn't misspelled and ensure that the\nidentifier being referred to is valid for the given situation. Example:\n\n```\nenum something_that_does_exist {\n    Foo,\n}\n```\n\nOr:\n\n```\nmod something_that_does_exist {\n    pub static foo : i32 = 0i32;\n}\n\nsomething_that_does_exist::foo; // ok!\n```\n\nOr:\n\n```\nlet unknown_variable = 12u32;\nlet x = unknown_variable; // ok!\n```\n\nIf the item is not defined in the current module, it must be imported using a\n`use` statement, like so:\n\n```\n# mod foo { pub fn bar() {} }\n# fn main() {\nuse foo::bar;\nbar();\n# }\n```\n\nIf the item you are importing is not defined in some super-module of the\ncurrent module, then it must also be declared as public (e.g., `pub fn`).\n"},"level":"error","spans":[{"file_name":"src/arweave/mod.rs","byte_start":1076,"byte_end":1077,"line_start":36,"line_end":36,"column_start":30,"column_end":31,"is_primary":true,"text":[{"text":"        let arweave_config = C.arweave.clone().unwrap();","highlight_start":30,"highlight_end":31}],"label":"not found in this scope","suggested_replacement":null,"suggestion_applicability":null,"expansion":null}],"children":[],"rendered":"\u001b[0m\u001b[1m\u001b[38;5;9merror[E0425]\u001b[0m\u001b[0m\u001b[1m: cannot find value `C` in this scope\u001b[0m\n\u001b[0m  \u001b[0m\u001b[0m\u001b[1m\u001b[38;5;12m--> \u001b[0m\u001b[0msrc/arweave/mod.rs:36:30\u001b[0m\n\u001b[0m   \u001b[0m\u001b[0m\u001b[1m\u001b[38;5;12m|\u001b[0m\n\u001b[0m\u001b[1m\u001b[38;5;12m36\u001b[0m\u001b[0m \u001b[0m\u001b[0m\u001b[1m\u001b[38;5;12m|\u001b[0m\u001b[0m \u001b[0m\u001b[0m        let arweave_config = C.arweave.clone().unwrap();\u001b[0m\n\u001b[0m   \u001b[0m\u001b[0m\u001b[1m\u001b[38;5;12m|\u001b[0m\u001b[0m                              \u001b[0m\u001b[0m\u001b[1m\u001b[38;5;9m^\u001b[0m\u001b[0m \u001b[0m\u001b[0m\u001b[1m\u001b[38;5;9mnot found in this scope\u001b[0m\n\n"}
{"$message_type":"diagnostic","message":"the trait bound `NaiveDateTime: Serialize` is not satisfied","code":{"code":"E0277","explanation":"You tried to use a type which doesn't implement some trait in a place which\nexpected that trait.\n\nErroneous code example:\n\n```compile_fail,E0277\n// here we declare the Foo trait with a bar method\ntrait Foo {\n    fn bar(&self);\n}\n\n// we now declare a function which takes an object implementing the Foo trait\nfn some_func<T: Foo>(foo: T) {\n    foo.bar();\n}\n\nfn main() {\n    // we now call the method with the i32 type, which doesn't implement\n    // the Foo trait\n    some_func(5i32); // error: the trait bound `i32 : Foo` is not satisfied\n}\n```\n\nIn order to fix this error, verify that the type you're using does implement\nthe trait. Example:\n\n```\ntrait Foo {\n    fn bar(&self);\n}\n\n// we implement the trait on the i32 type\nimpl Foo for i32 {\n    fn bar(&self) {}\n}\n\nfn some_func<T: Foo>(foo: T) {\n    foo.bar(); // we can now use this method since i32 implements the\n               // Foo trait\n}\n\nfn main() {\n    some_func(5i32); // ok!\n}\n```\n\nOr in a generic context, an erroneous code example would look like:\n\n```compile_fail,E0277\nfn some_func<T>(foo: T) {\n    println!(\"{:?}\", foo); // error: the trait `core::fmt::Debug` is not\n                           //        implemented for the type `T`\n}\n\nfn main() {\n    // We now call the method with the i32 type,\n    // which *does* implement the Debug trait.\n    some_func(5i32);\n}\n```\n\nNote that the error here is in the definition of the generic function. Although\nwe only call it with a parameter that does implement `Debug`, the compiler\nstill rejects the function. It must work with all possible input types. In\norder to make this example compile, we need to restrict the generic type we're\naccepting:\n\n```\nuse std::fmt;\n\n// Restrict the input type to types that implement Debug.\nfn some_func<T: fmt::Debug>(foo: T) {\n    println!(\"{:?}\", foo);\n}\n\nfn main() {\n    // Calling the method is still fine, as i32 implements Debug.\n    some_func(5i32);\n\n    // This would fail to compile now:\n    // struct WithoutDebug;\n    // some_func(WithoutDebug);\n}\n```\n\nRust only looks at the signature of the called function, as such it must\nalready specify all requirements that will be used for every type parameter.\n"},"level":"error","spans":[{"file_name":"src/arweave/mod.rs","byte_start":234,"byte_end":243,"line_start":12,"line_end":12,"column_start":24,"column_end":33,"is_primary":true,"text":[{"text":"#[derive(Clone, Debug, Serialize, Deserialize)]","highlight_start":24,"highlight_end":33}],"label":"the trait `Serialize` is not implemented for `NaiveDateTime`","suggested_replacement":null,"suggestion_applicability":null,"expansion":{"span":{"file_name":"src/arweave/mod.rs","byte_start":234,"byte_end":243,"line_start":12,"line_end":12,"column_start":24,"column_end":33,"is_primary":false,"text":[{"text":"#[derive(Clone, Debug, Serialize, Deserialize)]","highlight_start":24,"highlight_end":33}],"label":null,"suggested_replacement":null,"suggestion_applicability":null,"expansion":null},"macro_decl_name":"#[derive(Serialize)]","def_site_span":{"file_name":"/home/blockyj/.cargo/registry/src/index.crates.io-6f17d22bba15001f/serde_derive-1.0.219/src/lib.rs","byte_start":2584,"byte_end":2642,"line_start":92,"line_end":92,"column_start":1,"column_end":59,"is_primary":false,"text":[{"text":"pub fn derive_serialize(input: TokenStream) -> TokenStream {","highlight_start":1,"highlight_end":59}],"label":null,"suggested_replacement":null,"suggestion_applicability":null,"expansion":null}}},{"file_name":"src/arweave/mod.rs","byte_start":521,"byte_end":524,"line_start":21,"line_end":21,"column_start":5,"column_end":8,"is_primary":false,"text":[{"text":"    pub issuance_date: NaiveDateTime,","highlight_start":5,"highlight_end":8}],"label":"required by a bound introduced by this call","suggested_replacement":null,"suggestion_applicability":null,"expansion":null}],"children":[{"message":"for local types consider adding `#[derive(serde::Serialize)]` to your `NaiveDateTime` type","code":null,"level":"note","spans":[],"children":[],"rendered":null},{"message":"for types from other crates check whether the crate offers a `serde` feature flag","code":null,"level":"note","spans":[],"children":[],"rendered":null},{"message":"the following other types implement trait `Serialize`:\n  &'a T\n  &'a mut T\n  ()\n  (T,)\n  (T0, T1)\n  (T0, T1, T2)\n  (T0, T1, T2, T3)\n  (T0, T1, T2, T3, T4)\nand 666 others","code":null,"level":"help","spans":[],"children":[],"rendered":null},{"message":"required by a bound in `arweave::_::_serde::ser::SerializeStruct::serialize_field`","code":null,"level":"note","spans":[{"file_name":"/home/blockyj/.cargo/registry/src/index.crates.io-6f17d22bba15001f/serde-1.0.219/src/ser/mod.rs","byte_start":60780,"byte_end":60795,"line_start":1864,"line_end":1864,"column_start":8,"column_end":23,"is_primary":false,"text":[{"text":"    fn serialize_field<T>(&mut self, key: &'static str, value: &T) -> Result<(), Self::Error>","highlight_start":8,"highlight_end":23}],"label":"required by a bound in this associated function","suggested_replacement":null,"suggestion_applicability":null,"expansion":null},{"file_name":"/home/blockyj/.cargo/registry/src/index.crates.io-6f17d22bba15001f/serde-1.0.219/src/ser/mod.rs","byte_start":60897,"byte_end":60906,"line_start":1866,"line_end":1866,"column_start":21,"column_end":30,"is_primary":true,"text":[{"text":"        T: ?Sized + Serialize;","highlight_start":21,"highlight_end":30}],"label":"required by this bound in `SerializeStruct::serialize_field`","suggested_replacement":null,"suggestion_applicability":null,"expansion":null}],"children":[],"rendered":null}],"rendered":"\u001b[0m\u001b[1m\u001b[38;5;9merror[E0277]\u001b[0m\u001b[0m\u001b[1m: the trait bound `NaiveDateTime: Serialize` is not satisfied\u001b[0m\n\u001b[0m    \u001b[0m\u001b[0m\u001b[1m\u001b[38;5;12m--> \u001b[0m\u001b[0msrc/arweave/mod.rs:12:24\u001b[0m\n\u001b[0m     \u001b[0m\u001b[0m\u001b[1m\u001b[38;5;12m|\u001b[0m\n\u001b[0m\u001b[1m\u001b[38;5;12m12\u001b[0m\u001b[0m   \u001b[0m\u001b[0m\u001b[1m\u001b[38;5;12m|\u001b[0m\u001b[0m \u001b[0m\u001b[0m#[derive(Clone, Debug, Serialize, Deserialize)]\u001b[0m\n\u001b[0m     \u001b[0m\u001b[0m\u001b[1m\u001b[38;5;12m|\u001b[0m\u001b[0m                        \u001b[0m\u001b[0m\u001b[1m\u001b[38;5;9m^^^^^^^^^\u001b[0m\u001b[0m \u001b[0m\u001b[0m\u001b[1m\u001b[38;5;9mthe trait `Serialize` is not implemented for `NaiveDateTime`\u001b[0m\n\u001b[0m\u001b[1m\u001b[38;5;12m...\u001b[0m\n\u001b[0m\u001b[1m\u001b[38;5;12m21\u001b[0m\u001b[0m   \u001b[0m\u001b[0m\u001b[1m\u001b[38;5;12m|\u001b[0m\u001b[0m \u001b[0m\u001b[0m    pub issuance_date: NaiveDateTime,\u001b[0m\n\u001b[0m     \u001b[0m\u001b[0m\u001b[1m\u001b[38;5;12m|\u001b[0m\u001b[0m     \u001b[0m\u001b[0m\u001b[1m\u001b[38;5;12m---\u001b[0m\u001b[0m \u001b[0m\u001b[0m\u001b[1m\u001b[38;5;12mrequired by a bound introduced by this call\u001b[0m\n\u001b[0m     \u001b[0m\u001b[0m\u001b[1m\u001b[38;5;12m|\u001b[0m\n\u001b[0m     \u001b[0m\u001b[0m\u001b[1m\u001b[38;5;12m= \u001b[0m\u001b[0m\u001b[1mnote\u001b[0m\u001b[0m: for local types consider adding `#[derive(serde::Serialize)]` to your `NaiveDateTime` type\u001b[0m\n\u001b[0m     \u001b[0m\u001b[0m\u001b[1m\u001b[38;5;12m= \u001b[0m\u001b[0m\u001b[1mnote\u001b[0m\u001b[0m: for types from other crates check whether the crate offers a `serde` feature flag\u001b[0m\n\u001b[0m     \u001b[0m\u001b[0m\u001b[1m\u001b[38;5;12m= \u001b[0m\u001b[0m\u001b[1mhelp\u001b[0m\u001b[0m: the following other types implement trait `Serialize`:\u001b[0m\n\u001b[0m               &'a T\u001b[0m\n\u001b[0m               &'a mut T\u001b[0m\n\u001b[0m               ()\u001b[0m\n\u001b[0m               (T,)\u001b[0m\n\u001b[0m               (T0, T1)\u001b[0m\n\u001b[0m               (T0, T1, T2)\u001b[0m\n\u001b[0m               (T0, T1, T2, T3)\u001b[0m\n\u001b[0m               (T0, T1, T2, T3, T4)\u001b[0m\n\u001b[0m             and 666 others\u001b[0m\n\u001b[0m\u001b[1m\u001b[38;5;10mnote\u001b[0m\u001b[0m: required by a bound in `arweave::_::_serde::ser::SerializeStruct::serialize_field`\u001b[0m\n\u001b[0m    \u001b[0m\u001b[0m\u001b[1m\u001b[38;5;12m--> \u001b[0m\u001b[0m/home/blockyj/.cargo/registry/src/index.crates.io-6f17d22bba15001f/serde-1.0.219/src/ser/mod.rs:1866:21\u001b[0m\n\u001b[0m     \u001b[0m\u001b[0m\u001b[1m\u001b[38;5;12m|\u001b[0m\n\u001b[0m\u001b[1m\u001b[38;5;12m1864\u001b[0m\u001b[0m \u001b[0m\u001b[0m\u001b[1m\u001b[38;5;12m|\u001b[0m\u001b[0m \u001b[0m\u001b[0m    fn serialize_field<T>(&mut self, key: &'static str, value: &T) -> Result<(), Self::Error>\u001b[0m\n\u001b[0m     \u001b[0m\u001b[0m\u001b[1m\u001b[38;5;12m|\u001b[0m\u001b[0m        \u001b[0m\u001b[0m\u001b[1m\u001b[38;5;12m---------------\u001b[0m\u001b[0m \u001b[0m\u001b[0m\u001b[1m\u001b[38;5;12mrequired by a bound in this associated function\u001b[0m\n\u001b[0m\u001b[1m\u001b[38;5;12m1865\u001b[0m\u001b[0m \u001b[0m\u001b[0m\u001b[1m\u001b[38;5;12m|\u001b[0m\u001b[0m \u001b[0m\u001b[0m    where\u001b[0m\n\u001b[0m\u001b[1m\u001b[38;5;12m1866\u001b[0m\u001b[0m \u001b[0m\u001b[0m\u001b[1m\u001b[38;5;12m|\u001b[0m\u001b[0m \u001b[0m\u001b[0m        T: ?Sized + Serialize;\u001b[0m\n\u001b[0m     \u001b[0m\u001b[0m\u001b[1m\u001b[38;5;12m|\u001b[0m\u001b[0m                     \u001b[0m\u001b[0m\u001b[1m\u001b[38;5;10m^^^^^^^^^\u001b[0m\u001b[0m \u001b[0m\u001b[0m\u001b[1m\u001b[38;5;10mrequired by this bound in `SerializeStruct::serialize_field`\u001b[0m\n\u001b[0m     \u001b[0m\u001b[0m\u001b[1m\u001b[38;5;12m= \u001b[0m\u001b[0m\u001b[1mnote\u001b[0m\u001b[0m: this error originates in the derive macro `Serialize` (in Nightly builds, run with -Z macro-backtrace for more info)\u001b[0m\n\n"}
{"$message_type":"diagnostic","message":"the trait bound `NaiveDateTime: Deserialize<'_>` is not satisfied","code":{"code":"E0277","explanation":"You tried to use a type which doesn't implement some trait in a place which\nexpected that trait.\n\nErroneous code example:\n\n```compile_fail,E0277\n// here we declare the Foo trait with a bar method\ntrait Foo {\n    fn bar(&self);\n}\n\n// we now declare a function which takes an object implementing the Foo trait\nfn some_func<T: Foo>(foo: T) {\n    foo.bar();\n}\n\nfn main() {\n    // we now call the method with the i32 type, which doesn't implement\n    // the Foo trait\n    some_func(5i32); // error: the trait bound `i32 : Foo` is not satisfied\n}\n```\n\nIn order to fix this error, verify that the type you're using does implement\nthe trait. Example:\n\n```\ntrait Foo {\n    fn bar(&self);\n}\n\n// we implement the trait on the i32 type\nimpl Foo for i32 {\n    fn bar(&self) {}\n}\n\nfn some_func<T: Foo>(foo: T) {\n    foo.bar(); // we can now use this method since i32 implements the\n               // Foo trait\n}\n\nfn main() {\n    some_func(5i32); // ok!\n}\n```\n\nOr in a generic context, an erroneous code example would look like:\n\n```compile_fail,E0277\nfn some_func<T>(foo: T) {\n    println!(\"{:?}\", foo); // error: the trait `core::fmt::Debug` is not\n                           //        implemented for the type `T`\n}\n\nfn main() {\n    // We now call the method with the i32 type,\n    // which *does* implement the Debug trait.\n    some_func(5i32);\n}\n```\n\nNote that the error here is in the definition of the generic function. Although\nwe only call it with a parameter that does implement `Debug`, the compiler\nstill rejects the function. It must work with all possible input types. In\norder to make this example compile, we need to restrict the generic type we're\naccepting:\n\n```\nuse std::fmt;\n\n// Restrict the input type to types that implement Debug.\nfn some_func<T: fmt::Debug>(foo: T) {\n    println!(\"{:?}\", foo);\n}\n\nfn main() {\n    // Calling the method is still fine, as i32 implements Debug.\n    some_func(5i32);\n\n    // This would fail to compile now:\n    // struct WithoutDebug;\n    // some_func(WithoutDebug);\n}\n```\n\nRust only looks at the signature of the called function, as such it must\nalready specify all requirements that will be used for every type parameter.\n"},"level":"error","spans":[{"file_name":"src/arweave/mod.rs","byte_start":540,"byte_end":553,"line_start":21,"line_end":21,"column_start":24,"column_end":37,"is_primary":true,"text":[{"text":"    pub issuance_date: NaiveDateTime,","highlight_start":24,"highlight_end":37}],"label":"the trait `Deserialize<'_>` is not implemented for `NaiveDateTime`","suggested_replacement":null,"suggestion_applicability":null,"expansion":null}],"children":[{"message":"for local types consider adding `#[derive(serde::Deserialize)]` to your `NaiveDateTime` type","code":null,"level":"note","spans":[],"children":[],"rendered":null},{"message":"for types from other crates check whether the crate offers a `serde` feature flag","code":null,"level":"note","spans":[],"children":[],"rendered":null},{"message":"the following other types implement trait `Deserialize<'de>`:\n  &'a JsonRawValue\n  &'a [u8]\n  &'a std::path::Path\n  &'a str\n  ()\n  (T,)\n  (T0, T1)\n  (T0, T1, T2)\nand 685 others","code":null,"level":"help","spans":[],"children":[],"rendered":null},{"message":"required by a bound in `next_element`","code":null,"level":"note","spans":[{"file_name":"/home/blockyj/.cargo/registry/src/index.crates.io-6f17d22bba15001f/serde-1.0.219/src/de/mod.rs","byte_start":62482,"byte_end":62494,"line_start":1730,"line_end":1730,"column_start":8,"column_end":20,"is_primary":false,"text":[{"text":"    fn next_element<T>(&mut self) -> Result<Option<T>, Self::Error>","highlight_start":8,"highlight_end":20}],"label":"required by a bound in this associated function","suggested_replacement":null,"suggestion_applicability":null,"expansion":null},{"file_name":"/home/blockyj/.cargo/registry/src/index.crates.io-6f17d22bba15001f/serde-1.0.219/src/de/mod.rs","byte_start":62564,"byte_end":62580,"line_start":1732,"line_end":1732,"column_start":12,"column_end":28,"is_primary":true,"text":[{"text":"        T: Deserialize<'de>,","highlight_start":12,"highlight_end":28}],"label":"required by this bound in `SeqAccess::next_element`","suggested_replacement":null,"suggestion_applicability":null,"expansion":null}],"children":[],"rendered":null}],"rendered":"\u001b[0m\u001b[1m\u001b[38;5;9merror[E0277]\u001b[0m\u001b[0m\u001b[1m: the trait bound `NaiveDateTime: Deserialize<'_>` is not satisfied\u001b[0m\n\u001b[0m    \u001b[0m\u001b[0m\u001b[1m\u001b[38;5;12m--> \u001b[0m\u001b[0msrc/arweave/mod.rs:21:24\u001b[0m\n\u001b[0m     \u001b[0m\u001b[0m\u001b[1m\u001b[38;5;12m|\u001b[0m\n\u001b[0m\u001b[1m\u001b[38;5;12m21\u001b[0m\u001b[0m   \u001b[0m\u001b[0m\u001b[1m\u001b[38;5;12m|\u001b[0m\u001b[0m \u001b[0m\u001b[0m    pub issuance_date: NaiveDateTime,\u001b[0m\n\u001b[0m     \u001b[0m\u001b[0m\u001b[1m\u001b[38;5;12m|\u001b[0m\u001b[0m                        \u001b[0m\u001b[0m\u001b[1m\u001b[38;5;9m^^^^^^^^^^^^^\u001b[0m\u001b[0m \u001b[0m\u001b[0m\u001b[1m\u001b[38;5;9mthe trait `Deserialize<'_>` is not implemented for `NaiveDateTime`\u001b[0m\n\u001b[0m     \u001b[0m\u001b[0m\u001b[1m\u001b[38;5;12m|\u001b[0m\n\u001b[0m     \u001b[0m\u001b[0m\u001b[1m\u001b[38;5;12m= \u001b[0m\u001b[0m\u001b[1mnote\u001b[0m\u001b[0m: for local types consider adding `#[derive(serde::Deserialize)]` to your `NaiveDateTime` type\u001b[0m\n\u001b[0m     \u001b[0m\u001b[0m\u001b[1m\u001b[38;5;12m= \u001b[0m\u001b[0m\u001b[1mnote\u001b[0m\u001b[0m: for types from other crates check whether the crate offers a `serde` feature flag\u001b[0m\n\u001b[0m     \u001b[0m\u001b[0m\u001b[1m\u001b[38;5;12m= \u001b[0m\u001b[0m\u001b[1mhelp\u001b[0m\u001b[0m: the following other types implement trait `Deserialize<'de>`:\u001b[0m\n\u001b[0m               &'a JsonRawValue\u001b[0m\n\u001b[0m               &'a [u8]\u001b[0m\n\u001b[0m               &'a std::path::Path\u001b[0m\n\u001b[0m               &'a str\u001b[0m\n\u001b[0m               ()\u001b[0m\n\u001b[0m               (T,)\u001b[0m\n\u001b[0m               (T0, T1)\u001b[0m\n\u001b[0m               (T0, T1, T2)\u001b[0m\n\u001b[0m             and 685 others\u001b[0m\n\u001b[0m\u001b[1m\u001b[38;5;10mnote\u001b[0m\u001b[0m: required by a bound in `next_element`\u001b[0m\n\u001b[0m    \u001b[0m\u001b[0m\u001b[1m\u001b[38;5;12m--> \u001b[0m\u001b[0m/home/blockyj/.cargo/registry/src/index.crates.io-6f17d22bba15001f/serde-1.0.219/src/de/mod.rs:1732:12\u001b[0m\n\u001b[0m     \u001b[0m\u001b[0m\u001b[1m\u001b[38;5;12m|\u001b[0m\n\u001b[0m\u001b[1m\u001b[38;5;12m1730\u001b[0m\u001b[0m \u001b[0m\u001b[0m\u001b[1m\u001b[38;5;12m|\u001b[0m\u001b[0m \u001b[0m\u001b[0m    fn next_element<T>(&mut self) -> Result<Option<T>, Self::Error>\u001b[0m\n\u001b[0m     \u001b[0m\u001b[0m\u001b[1m\u001b[38;5;12m|\u001b[0m\u001b[0m        \u001b[0m\u001b[0m\u001b[1m\u001b[38;5;12m------------\u001b[0m\u001b[0m \u001b[0m\u001b[0m\u001b[1m\u001b[38;5;12mrequired by a bound in this associated function\u001b[0m\n\u001b[0m\u001b[1m\u001b[38;5;12m1731\u001b[0m\u001b[0m \u001b[0m\u001b[0m\u001b[1m\u001b[38;5;12m|\u001b[0m\u001b[0m \u001b[0m\u001b[0m    where\u001b[0m\n\u001b[0m\u001b[1m\u001b[38;5;12m1732\u001b[0m\u001b[0m \u001b[0m\u001b[0m\u001b[1m\u001b[38;5;12m|\u001b[0m\u001b[0m \u001b[0m\u001b[0m        T: Deserialize<'de>,\u001b[0m\n\u001b[0m     \u001b[0m\u001b[0m\u001b[1m\u001b[38;5;12m|\u001b[0m\u001b[0m            \u001b[0m\u001b[0m\u001b[1m\u001b[38;5;10m^^^^^^^^^^^^^^^^\u001b[0m\u001b[0m \u001b[0m\u001b[0m\u001b[1m\u001b[38;5;10mrequired by this bound in `SeqAccess::next_element`\u001b[0m\n\n"}
{"$message_type":"diagnostic","message":"the trait bound `NaiveDateTime: Deserialize<'_>` is not satisfied","code":{"code":"E0277","explanation":"You tried to use a type which doesn't implement some trait in a place which\nexpected that trait.\n\nErroneous code example:\n\n```compile_fail,E0277\n// here we declare the Foo trait with a bar method\ntrait Foo {\n    fn bar(&self);\n}\n\n// we now declare a function which takes an object implementing the Foo trait\nfn some_func<T: Foo>(foo: T) {\n    foo.bar();\n}\n\nfn main() {\n    // we now call the method with the i32 type, which doesn't implement\n    // the Foo trait\n    some_func(5i32); // error: the trait bound `i32 : Foo` is not satisfied\n}\n```\n\nIn order to fix this error, verify that the type you're using does implement\nthe trait. Example:\n\n```\ntrait Foo {\n    fn bar(&self);\n}\n\n// we implement the trait on the i32 type\nimpl Foo for i32 {\n    fn bar(&self) {}\n}\n\nfn some_func<T: Foo>(foo: T) {\n    foo.bar(); // we can now use this method since i32 implements the\n               // Foo trait\n}\n\nfn main() {\n    some_func(5i32); // ok!\n}\n```\n\nOr in a generic context, an erroneous code example would look like:\n\n```compile_fail,E0277\nfn some_func<T>(foo: T) {\n    println!(\"{:?}\", foo); // error: the trait `core::fmt::Debug` is not\n                           //        implemented for the type `T`\n}\n\nfn main() {\n    // We now call the method with the i32 type,\n    // which *does* implement the Debug trait.\n    some_func(5i32);\n}\n```\n\nNote that the error here is in the definition of the generic function. Although\nwe only call it with a parameter that does implement `Debug`, the compiler\nstill rejects the function. It must work with all possible input types. In\norder to make this example compile, we need to restrict the generic type we're\naccepting:\n\n```\nuse std::fmt;\n\n// Restrict the input type to types that implement Debug.\nfn some_func<T: fmt::Debug>(foo: T) {\n    println!(\"{:?}\", foo);\n}\n\nfn main() {\n    // Calling the method is still fine, as i32 implements Debug.\n    some_func(5i32);\n\n    // This would fail to compile now:\n    // struct WithoutDebug;\n    // some_func(WithoutDebug);\n}\n```\n\nRust only looks at the signature of the called function, as such it must\nalready specify all requirements that will be used for every type parameter.\n"},"level":"error","spans":[{"file_name":"src/arweave/mod.rs","byte_start":580,"byte_end":593,"line_start":22,"line_end":22,"column_start":26,"column_end":39,"is_primary":true,"text":[{"text":"    pub completion_date: NaiveDateTime,","highlight_start":26,"highlight_end":39}],"label":"the trait `Deserialize<'_>` is not implemented for `NaiveDateTime`","suggested_replacement":null,"suggestion_applicability":null,"expansion":null}],"children":[{"message":"for local types consider adding `#[derive(serde::Deserialize)]` to your `NaiveDateTime` type","code":null,"level":"note","spans":[],"children":[],"rendered":null},{"message":"for types from other crates check whether the crate offers a `serde` feature flag","code":null,"level":"note","spans":[],"children":[],"rendered":null},{"message":"the following other types implement trait `Deserialize<'de>`:\n  &'a JsonRawValue\n  &'a [u8]\n  &'a std::path::Path\n  &'a str\n  ()\n  (T,)\n  (T0, T1)\n  (T0, T1, T2)\nand 685 others","code":null,"level":"help","spans":[],"children":[],"rendered":null},{"message":"required by a bound in `next_element`","code":null,"level":"note","spans":[{"file_name":"/home/blockyj/.cargo/registry/src/index.crates.io-6f17d22bba15001f/serde-1.0.219/src/de/mod.rs","byte_start":62482,"byte_end":62494,"line_start":1730,"line_end":1730,"column_start":8,"column_end":20,"is_primary":false,"text":[{"text":"    fn next_element<T>(&mut self) -> Result<Option<T>, Self::Error>","highlight_start":8,"highlight_end":20}],"label":"required by a bound in this associated function","suggested_replacement":null,"suggestion_applicability":null,"expansion":null},{"file_name":"/home/blockyj/.cargo/registry/src/index.crates.io-6f17d22bba15001f/serde-1.0.219/src/de/mod.rs","byte_start":62564,"byte_end":62580,"line_start":1732,"line_end":1732,"column_start":12,"column_end":28,"is_primary":true,"text":[{"text":"        T: Deserialize<'de>,","highlight_start":12,"highlight_end":28}],"label":"required by this bound in `SeqAccess::next_element`","suggested_replacement":null,"suggestion_applicability":null,"expansion":null}],"children":[],"rendered":null}],"rendered":"\u001b[0m\u001b[1m\u001b[38;5;9merror[E0277]\u001b[0m\u001b[0m\u001b[1m: the trait bound `NaiveDateTime: Deserialize<'_>` is not satisfied\u001b[0m\n\u001b[0m    \u001b[0m\u001b[0m\u001b[1m\u001b[38;5;12m--> \u001b[0m\u001b[0msrc/arweave/mod.rs:22:26\u001b[0m\n\u001b[0m     \u001b[0m\u001b[0m\u001b[1m\u001b[38;5;12m|\u001b[0m\n\u001b[0m\u001b[1m\u001b[38;5;12m22\u001b[0m\u001b[0m   \u001b[0m\u001b[0m\u001b[1m\u001b[38;5;12m|\u001b[0m\u001b[0m \u001b[0m\u001b[0m    pub completion_date: NaiveDateTime,\u001b[0m\n\u001b[0m     \u001b[0m\u001b[0m\u001b[1m\u001b[38;5;12m|\u001b[0m\u001b[0m                          \u001b[0m\u001b[0m\u001b[1m\u001b[38;5;9m^^^^^^^^^^^^^\u001b[0m\u001b[0m \u001b[0m\u001b[0m\u001b[1m\u001b[38;5;9mthe trait `Deserialize<'_>` is not implemented for `NaiveDateTime`\u001b[0m\n\u001b[0m     \u001b[0m\u001b[0m\u001b[1m\u001b[38;5;12m|\u001b[0m\n\u001b[0m     \u001b[0m\u001b[0m\u001b[1m\u001b[38;5;12m= \u001b[0m\u001b[0m\u001b[1mnote\u001b[0m\u001b[0m: for local types consider adding `#[derive(serde::Deserialize)]` to your `NaiveDateTime` type\u001b[0m\n\u001b[0m     \u001b[0m\u001b[0m\u001b[1m\u001b[38;5;12m= \u001b[0m\u001b[0m\u001b[1mnote\u001b[0m\u001b[0m: for types from other crates check whether the crate offers a `serde` feature flag\u001b[0m\n\u001b[0m     \u001b[0m\u001b[0m\u001b[1m\u001b[38;5;12m= \u001b[0m\u001b[0m\u001b[1mhelp\u001b[0m\u001b[0m: the following other types implement trait `Deserialize<'de>`:\u001b[0m\n\u001b[0m               &'a JsonRawValue\u001b[0m\n\u001b[0m               &'a [u8]\u001b[0m\n\u001b[0m               &'a std::path::Path\u001b[0m\n\u001b[0m               &'a str\u001b[0m\n\u001b[0m               ()\u001b[0m\n\u001b[0m               (T,)\u001b[0m\n\u001b[0m               (T0, T1)\u001b[0m\n\u001b[0m               (T0, T1, T2)\u001b[0m\n\u001b[0m             and 685 others\u001b[0m\n\u001b[0m\u001b[1m\u001b[38;5;10mnote\u001b[0m\u001b[0m: required by a bound in `next_element`\u001b[0m\n\u001b[0m    \u001b[0m\u001b[0m\u001b[1m\u001b[38;5;12m--> \u001b[0m\u001b[0m/home/blockyj/.cargo/registry/src/index.crates.io-6f17d22bba15001f/serde-1.0.219/src/de/mod.rs:1732:12\u001b[0m\n\u001b[0m     \u001b[0m\u001b[0m\u001b[1m\u001b[38;5;12m|\u001b[0m\n\u001b[0m\u001b[1m\u001b[38;5;12m1730\u001b[0m\u001b[0m \u001b[0m\u001b[0m\u001b[1m\u001b[38;5;12m|\u001b[0m\u001b[0m \u001b[0m\u001b[0m    fn next_element<T>(&mut self) -> Result<Option<T>, Self::Error>\u001b[0m\n\u001b[0m     \u001b[0m\u001b[0m\u001b[1m\u001b[38;5;12m|\u001b[0m\u001b[0m        \u001b[0m\u001b[0m\u001b[1m\u001b[38;5;12m------------\u001b[0m\u001b[0m \u001b[0m\u001b[0m\u001b[1m\u001b[38;5;12mrequired by a bound in this associated function\u001b[0m\n\u001b[0m\u001b[1m\u001b[38;5;12m1731\u001b[0m\u001b[0m \u001b[0m\u001b[0m\u001b[1m\u001b[38;5;12m|\u001b[0m\u001b[0m \u001b[0m\u001b[0m    where\u001b[0m\n\u001b[0m\u001b[1m\u001b[38;5;12m1732\u001b[0m\u001b[0m \u001b[0m\u001b[0m\u001b[1m\u001b[38;5;12m|\u001b[0m\u001b[0m \u001b[0m\u001b[0m        T: Deserialize<'de>,\u001b[0m\n\u001b[0m     \u001b[0m\u001b[0m\u001b[1m\u001b[38;5;12m|\u001b[0m\u001b[0m            \u001b[0m\u001b[0m\u001b[1m\u001b[38;5;10m^^^^^^^^^^^^^^^^\u001b[0m\u001b[0m \u001b[0m\u001b[0m\u001b[1m\u001b[38;5;10mrequired by this bound in `SeqAccess::next_element`\u001b[0m\n\n"}
{"$message_type":"diagnostic","message":"the trait bound `NaiveDateTime: Deserialize<'_>` is not satisfied","code":{"code":"E0277","explanation":"You tried to use a type which doesn't implement some trait in a place which\nexpected that trait.\n\nErroneous code example:\n\n```compile_fail,E0277\n// here we declare the Foo trait with a bar method\ntrait Foo {\n    fn bar(&self);\n}\n\n// we now declare a function which takes an object implementing the Foo trait\nfn some_func<T: Foo>(foo: T) {\n    foo.bar();\n}\n\nfn main() {\n    // we now call the method with the i32 type, which doesn't implement\n    // the Foo trait\n    some_func(5i32); // error: the trait bound `i32 : Foo` is not satisfied\n}\n```\n\nIn order to fix this error, verify that the type you're using does implement\nthe trait. Example:\n\n```\ntrait Foo {\n    fn bar(&self);\n}\n\n// we implement the trait on the i32 type\nimpl Foo for i32 {\n    fn bar(&self) {}\n}\n\nfn some_func<T: Foo>(foo: T) {\n    foo.bar(); // we can now use this method since i32 implements the\n               // Foo trait\n}\n\nfn main() {\n    some_func(5i32); // ok!\n}\n```\n\nOr in a generic context, an erroneous code example would look like:\n\n```compile_fail,E0277\nfn some_func<T>(foo: T) {\n    println!(\"{:?}\", foo); // error: the trait `core::fmt::Debug` is not\n                           //        implemented for the type `T`\n}\n\nfn main() {\n    // We now call the method with the i32 type,\n    // which *does* implement the Debug trait.\n    some_func(5i32);\n}\n```\n\nNote that the error here is in the definition of the generic function. Although\nwe only call it with a parameter that does implement `Debug`, the compiler\nstill rejects the function. It must work with all possible input types. In\norder to make this example compile, we need to restrict the generic type we're\naccepting:\n\n```\nuse std::fmt;\n\n// Restrict the input type to types that implement Debug.\nfn some_func<T: fmt::Debug>(foo: T) {\n    println!(\"{:?}\", foo);\n}\n\nfn main() {\n    // Calling the method is still fine, as i32 implements Debug.\n    some_func(5i32);\n\n    // This would fail to compile now:\n    // struct WithoutDebug;\n    // some_func(WithoutDebug);\n}\n```\n\nRust only looks at the signature of the called function, as such it must\nalready specify all requirements that will be used for every type parameter.\n"},"level":"error","spans":[{"file_name":"src/arweave/mod.rs","byte_start":540,"byte_end":553,"line_start":21,"line_end":21,"column_start":24,"column_end":37,"is_primary":true,"text":[{"text":"    pub issuance_date: NaiveDateTime,","highlight_start":24,"highlight_end":37}],"label":"the trait `Deserialize<'_>` is not implemented for `NaiveDateTime`","suggested_replacement":null,"suggestion_applicability":null,"expansion":null}],"children":[{"message":"for local types consider adding `#[derive(serde::Deserialize)]` to your `NaiveDateTime` type","code":null,"level":"note","spans":[],"children":[],"rendered":null},{"message":"for types from other crates check whether the crate offers a `serde` feature flag","code":null,"level":"note","spans":[],"children":[],"rendered":null},{"message":"the following other types implement trait `Deserialize<'de>`:\n  &'a JsonRawValue\n  &'a [u8]\n  &'a std::path::Path\n  &'a str\n  ()\n  (T,)\n  (T0, T1)\n  (T0, T1, T2)\nand 685 others","code":null,"level":"help","spans":[],"children":[],"rendered":null},{"message":"required by a bound in `next_value`","code":null,"level":"note","spans":[{"file_name":"/home/blockyj/.cargo/registry/src/index.crates.io-6f17d22bba15001f/serde-1.0.219/src/de/mod.rs","byte_start":66891,"byte_end":66901,"line_start":1869,"line_end":1869,"column_start":8,"column_end":18,"is_primary":false,"text":[{"text":"    fn next_value<V>(&mut self) -> Result<V, Self::Error>","highlight_start":8,"highlight_end":18}],"label":"required by a bound in this associated function","suggested_replacement":null,"suggestion_applicability":null,"expansion":null},{"file_name":"/home/blockyj/.cargo/registry/src/index.crates.io-6f17d22bba15001f/serde-1.0.219/src/de/mod.rs","byte_start":66963,"byte_end":66979,"line_start":1871,"line_end":1871,"column_start":12,"column_end":28,"is_primary":true,"text":[{"text":"        V: Deserialize<'de>,","highlight_start":12,"highlight_end":28}],"label":"required by this bound in `MapAccess::next_value`","suggested_replacement":null,"suggestion_applicability":null,"expansion":null}],"children":[],"rendered":null}],"rendered":"\u001b[0m\u001b[1m\u001b[38;5;9merror[E0277]\u001b[0m\u001b[0m\u001b[1m: the trait bound `NaiveDateTime: Deserialize<'_>` is not satisfied\u001b[0m\n\u001b[0m    \u001b[0m\u001b[0m\u001b[1m\u001b[38;5;12m--> \u001b[0m\u001b[0msrc/arweave/mod.rs:21:24\u001b[0m\n\u001b[0m     \u001b[0m\u001b[0m\u001b[1m\u001b[38;5;12m|\u001b[0m\n\u001b[0m\u001b[1m\u001b[38;5;12m21\u001b[0m\u001b[0m   \u001b[0m\u001b[0m\u001b[1m\u001b[38;5;12m|\u001b[0m\u001b[0m \u001b[0m\u001b[0m    pub issuance_date: NaiveDateTime,\u001b[0m\n\u001b[0m     \u001b[0m\u001b[0m\u001b[1m\u001b[38;5;12m|\u001b[0m\u001b[0m                        \u001b[0m\u001b[0m\u001b[1m\u001b[38;5;9m^^^^^^^^^^^^^\u001b[0m\u001b[0m \u001b[0m\u001b[0m\u001b[1m\u001b[38;5;9mthe trait `Deserialize<'_>` is not implemented for `NaiveDateTime`\u001b[0m\n\u001b[0m     \u001b[0m\u001b[0m\u001b[1m\u001b[38;5;12m|\u001b[0m\n\u001b[0m     \u001b[0m\u001b[0m\u001b[1m\u001b[38;5;12m= \u001b[0m\u001b[0m\u001b[1mnote\u001b[0m\u001b[0m: for local types consider adding `#[derive(serde::Deserialize)]` to your `NaiveDateTime` type\u001b[0m\n\u001b[0m     \u001b[0m\u001b[0m\u001b[1m\u001b[38;5;12m= \u001b[0m\u001b[0m\u001b[1mnote\u001b[0m\u001b[0m: for types from other crates check whether the crate offers a `serde` feature flag\u001b[0m\n\u001b[0m     \u001b[0m\u001b[0m\u001b[1m\u001b[38;5;12m= \u001b[0m\u001b[0m\u001b[1mhelp\u001b[0m\u001b[0m: the following other types implement trait `Deserialize<'de>`:\u001b[0m\n\u001b[0m               &'a JsonRawValue\u001b[0m\n\u001b[0m               &'a [u8]\u001b[0m\n\u001b[0m               &'a std::path::Path\u001b[0m\n\u001b[0m               &'a str\u001b[0m\n\u001b[0m               ()\u001b[0m\n\u001b[0m               (T,)\u001b[0m\n\u001b[0m               (T0, T1)\u001b[0m\n\u001b[0m               (T0, T1, T2)\u001b[0m\n\u001b[0m             and 685 others\u001b[0m\n\u001b[0m\u001b[1m\u001b[38;5;10mnote\u001b[0m\u001b[0m: required by a bound in `next_value`\u001b[0m\n\u001b[0m    \u001b[0m\u001b[0m\u001b[1m\u001b[38;5;12m--> \u001b[0m\u001b[0m/home/blockyj/.cargo/registry/src/index.crates.io-6f17d22bba15001f/serde-1.0.219/src/de/mod.rs:1871:12\u001b[0m\n\u001b[0m     \u001b[0m\u001b[0m\u001b[1m\u001b[38;5;12m|\u001b[0m\n\u001b[0m\u001b[1m\u001b[38;5;12m1869\u001b[0m\u001b[0m \u001b[0m\u001b[0m\u001b[1m\u001b[38;5;12m|\u001b[0m\u001b[0m \u001b[0m\u001b[0m    fn next_value<V>(&mut self) -> Result<V, Self::Error>\u001b[0m\n\u001b[0m     \u001b[0m\u001b[0m\u001b[1m\u001b[38;5;12m|\u001b[0m\u001b[0m        \u001b[0m\u001b[0m\u001b[1m\u001b[38;5;12m----------\u001b[0m\u001b[0m \u001b[0m\u001b[0m\u001b[1m\u001b[38;5;12mrequired by a bound in this associated function\u001b[0m\n\u001b[0m\u001b[1m\u001b[38;5;12m1870\u001b[0m\u001b[0m \u001b[0m\u001b[0m\u001b[1m\u001b[38;5;12m|\u001b[0m\u001b[0m \u001b[0m\u001b[0m    where\u001b[0m\n\u001b[0m\u001b[1m\u001b[38;5;12m1871\u001b[0m\u001b[0m \u001b[0m\u001b[0m\u001b[1m\u001b[38;5;12m|\u001b[0m\u001b[0m \u001b[0m\u001b[0m        V: Deserialize<'de>,\u001b[0m\n\u001b[0m     \u001b[0m\u001b[0m\u001b[1m\u001b[38;5;12m|\u001b[0m\u001b[0m            \u001b[0m\u001b[0m\u001b[1m\u001b[38;5;10m^^^^^^^^^^^^^^^^\u001b[0m\u001b[0m \u001b[0m\u001b[0m\u001b[1m\u001b[38;5;10mrequired by this bound in `MapAccess::next_value`\u001b[0m\n\n"}
{"$message_type":"diagnostic","message":"the trait bound `NaiveDateTime: Deserialize<'_>` is not satisfied","code":{"code":"E0277","explanation":"You tried to use a type which doesn't implement some trait in a place which\nexpected that trait.\n\nErroneous code example:\n\n```compile_fail,E0277\n// here we declare the Foo trait with a bar method\ntrait Foo {\n    fn bar(&self);\n}\n\n// we now declare a function which takes an object implementing the Foo trait\nfn some_func<T: Foo>(foo: T) {\n    foo.bar();\n}\n\nfn main() {\n    // we now call the method with the i32 type, which doesn't implement\n    // the Foo trait\n    some_func(5i32); // error: the trait bound `i32 : Foo` is not satisfied\n}\n```\n\nIn order to fix this error, verify that the type you're using does implement\nthe trait. Example:\n\n```\ntrait Foo {\n    fn bar(&self);\n}\n\n// we implement the trait on the i32 type\nimpl Foo for i32 {\n    fn bar(&self) {}\n}\n\nfn some_func<T: Foo>(foo: T) {\n    foo.bar(); // we can now use this method since i32 implements the\n               // Foo trait\n}\n\nfn main() {\n    some_func(5i32); // ok!\n}\n```\n\nOr in a generic context, an erroneous code example would look like:\n\n```compile_fail,E0277\nfn some_func<T>(foo: T) {\n    println!(\"{:?}\", foo); // error: the trait `core::fmt::Debug` is not\n                           //        implemented for the type `T`\n}\n\nfn main() {\n    // We now call the method with the i32 type,\n    // which *does* implement the Debug trait.\n    some_func(5i32);\n}\n```\n\nNote that the error here is in the definition of the generic function. Although\nwe only call it with a parameter that does implement `Debug`, the compiler\nstill rejects the function. It must work with all possible input types. In\norder to make this example compile, we need to restrict the generic type we're\naccepting:\n\n```\nuse std::fmt;\n\n// Restrict the input type to types that implement Debug.\nfn some_func<T: fmt::Debug>(foo: T) {\n    println!(\"{:?}\", foo);\n}\n\nfn main() {\n    // Calling the method is still fine, as i32 implements Debug.\n    some_func(5i32);\n\n    // This would fail to compile now:\n    // struct WithoutDebug;\n    // some_func(WithoutDebug);\n}\n```\n\nRust only looks at the signature of the called function, as such it must\nalready specify all requirements that will be used for every type parameter.\n"},"level":"error","spans":[{"file_name":"src/arweave/mod.rs","byte_start":580,"byte_end":593,"line_start":22,"line_end":22,"column_start":26,"column_end":39,"is_primary":true,"text":[{"text":"    pub completion_date: NaiveDateTime,","highlight_start":26,"highlight_end":39}],"label":"the trait `Deserialize<'_>` is not implemented for `NaiveDateTime`","suggested_replacement":null,"suggestion_applicability":null,"expansion":null}],"children":[{"message":"for local types consider adding `#[derive(serde::Deserialize)]` to your `NaiveDateTime` type","code":null,"level":"note","spans":[],"children":[],"rendered":null},{"message":"for types from other crates check whether the crate offers a `serde` feature flag","code":null,"level":"note","spans":[],"children":[],"rendered":null},{"message":"the following other types implement trait `Deserialize<'de>`:\n  &'a JsonRawValue\n  &'a [u8]\n  &'a std::path::Path\n  &'a str\n  ()\n  (T,)\n  (T0, T1)\n  (T0, T1, T2)\nand 685 others","code":null,"level":"help","spans":[],"children":[],"rendered":null},{"message":"required by a bound in `next_value`","code":null,"level":"note","spans":[{"file_name":"/home/blockyj/.cargo/registry/src/index.crates.io-6f17d22bba15001f/serde-1.0.219/src/de/mod.rs","byte_start":66891,"byte_end":66901,"line_start":1869,"line_end":1869,"column_start":8,"column_end":18,"is_primary":false,"text":[{"text":"    fn next_value<V>(&mut self) -> Result<V, Self::Error>","highlight_start":8,"highlight_end":18}],"label":"required by a bound in this associated function","suggested_replacement":null,"suggestion_applicability":null,"expansion":null},{"file_name":"/home/blockyj/.cargo/registry/src/index.crates.io-6f17d22bba15001f/serde-1.0.219/src/de/mod.rs","byte_start":66963,"byte_end":66979,"line_start":1871,"line_end":1871,"column_start":12,"column_end":28,"is_primary":true,"text":[{"text":"        V: Deserialize<'de>,","highlight_start":12,"highlight_end":28}],"label":"required by this bound in `MapAccess::next_value`","suggested_replacement":null,"suggestion_applicability":null,"expansion":null}],"children":[],"rendered":null}],"rendered":"\u001b[0m\u001b[1m\u001b[38;5;9merror[E0277]\u001b[0m\u001b[0m\u001b[1m: the trait bound `NaiveDateTime: Deserialize<'_>` is not satisfied\u001b[0m\n\u001b[0m    \u001b[0m\u001b[0m\u001b[1m\u001b[38;5;12m--> \u001b[0m\u001b[0msrc/arweave/mod.rs:22:26\u001b[0m\n\u001b[0m     \u001b[0m\u001b[0m\u001b[1m\u001b[38;5;12m|\u001b[0m\n\u001b[0m\u001b[1m\u001b[38;5;12m22\u001b[0m\u001b[0m   \u001b[0m\u001b[0m\u001b[1m\u001b[38;5;12m|\u001b[0m\u001b[0m \u001b[0m\u001b[0m    pub completion_date: NaiveDateTime,\u001b[0m\n\u001b[0m     \u001b[0m\u001b[0m\u001b[1m\u001b[38;5;12m|\u001b[0m\u001b[0m                          \u001b[0m\u001b[0m\u001b[1m\u001b[38;5;9m^^^^^^^^^^^^^\u001b[0m\u001b[0m \u001b[0m\u001b[0m\u001b[1m\u001b[38;5;9mthe trait `Deserialize<'_>` is not implemented for `NaiveDateTime`\u001b[0m\n\u001b[0m     \u001b[0m\u001b[0m\u001b[1m\u001b[38;5;12m|\u001b[0m\n\u001b[0m     \u001b[0m\u001b[0m\u001b[1m\u001b[38;5;12m= \u001b[0m\u001b[0m\u001b[1mnote\u001b[0m\u001b[0m: for local types consider adding `#[derive(serde::Deserialize)]` to your `NaiveDateTime` type\u001b[0m\n\u001b[0m     \u001b[0m\u001b[0m\u001b[1m\u001b[38;5;12m= \u001b[0m\u001b[0m\u001b[1mnote\u001b[0m\u001b[0m: for types from other crates check whether the crate offers a `serde` feature flag\u001b[0m\n\u001b[0m     \u001b[0m\u001b[0m\u001b[1m\u001b[38;5;12m= \u001b[0m\u001b[0m\u001b[1mhelp\u001b[0m\u001b[0m: the following other types implement trait `Deserialize<'de>`:\u001b[0m\n\u001b[0m               &'a JsonRawValue\u001b[0m\n\u001b[0m               &'a [u8]\u001b[0m\n\u001b[0m               &'a std::path::Path\u001b[0m\n\u001b[0m               &'a str\u001b[0m\n\u001b[0m               ()\u001b[0m\n\u001b[0m               (T,)\u001b[0m\n\u001b[0m               (T0, T1)\u001b[0m\n\u001b[0m               (T0, T1, T2)\u001b[0m\n\u001b[0m             and 685 others\u001b[0m\n\u001b[0m\u001b[1m\u001b[38;5;10mnote\u001b[0m\u001b[0m: required by a bound in `next_value`\u001b[0m\n\u001b[0m    \u001b[0m\u001b[0m\u001b[1m\u001b[38;5;12m--> \u001b[0m\u001b[0m/home/blockyj/.cargo/registry/src/index.crates.io-6f17d22bba15001f/serde-1.0.219/src/de/mod.rs:1871:12\u001b[0m\n\u001b[0m     \u001b[0m\u001b[0m\u001b[1m\u001b[38;5;12m|\u001b[0m\n\u001b[0m\u001b[1m\u001b[38;5;12m1869\u001b[0m\u001b[0m \u001b[0m\u001b[0m\u001b[1m\u001b[38;5;12m|\u001b[0m\u001b[0m \u001b[0m\u001b[0m    fn next_value<V>(&mut self) -> Result<V, Self::Error>\u001b[0m\n\u001b[0m     \u001b[0m\u001b[0m\u001b[1m\u001b[38;5;12m|\u001b[0m\u001b[0m        \u001b[0m\u001b[0m\u001b[1m\u001b[38;5;12m----------\u001b[0m\u001b[0m \u001b[0m\u001b[0m\u001b[1m\u001b[38;5;12mrequired by a bound in this associated function\u001b[0m\n\u001b[0m\u001b[1m\u001b[38;5;12m1870\u001b[0m\u001b[0m \u001b[0m\u001b[0m\u001b[1m\u001b[38;5;12m|\u001b[0m\u001b[0m \u001b[0m\u001b[0m    where\u001b[0m\n\u001b[0m\u001b[1m\u001b[38;5;12m1871\u001b[0m\u001b[0m \u001b[0m\u001b[0m\u001b[1m\u001b[38;5;12m|\u001b[0m\u001b[0m \u001b[0m\u001b[0m        V: Deserialize<'de>,\u001b[0m\n\u001b[0m     \u001b[0m\u001b[0m\u001b[1m\u001b[38;5;12m|\u001b[0m\u001b[0m            \u001b[0m\u001b[0m\u001b[1m\u001b[38;5;10m^^^^^^^^^^^^^^^^\u001b[0m\u001b[0m \u001b[0m\u001b[0m\u001b[1m\u001b[38;5;10mrequired by this bound in `MapAccess::next_value`\u001b[0m\n\n"}
{"$message_type":"diagnostic","message":"the trait bound `NaiveDateTime: Deserialize<'_>` is not satisfied","code":{"code":"E0277","explanation":"You tried to use a type which doesn't implement some trait in a place which\nexpected that trait.\n\nErroneous code example:\n\n```compile_fail,E0277\n// here we declare the Foo trait with a bar method\ntrait Foo {\n    fn bar(&self);\n}\n\n// we now declare a function which takes an object implementing the Foo trait\nfn some_func<T: Foo>(foo: T) {\n    foo.bar();\n}\n\nfn main() {\n    // we now call the method with the i32 type, which doesn't implement\n    // the Foo trait\n    some_func(5i32); // error: the trait bound `i32 : Foo` is not satisfied\n}\n```\n\nIn order to fix this error, verify that the type you're using does implement\nthe trait. Example:\n\n```\ntrait Foo {\n    fn bar(&self);\n}\n\n// we implement the trait on the i32 type\nimpl Foo for i32 {\n    fn bar(&self) {}\n}\n\nfn some_func<T: Foo>(foo: T) {\n    foo.bar(); // we can now use this method since i32 implements the\n               // Foo trait\n}\n\nfn main() {\n    some_func(5i32); // ok!\n}\n```\n\nOr in a generic context, an erroneous code example would look like:\n\n```compile_fail,E0277\nfn some_func<T>(foo: T) {\n    println!(\"{:?}\", foo); // error: the trait `core::fmt::Debug` is not\n                           //        implemented for the type `T`\n}\n\nfn main() {\n    // We now call the method with the i32 type,\n    // which *does* implement the Debug trait.\n    some_func(5i32);\n}\n```\n\nNote that the error here is in the definition of the generic function. Although\nwe only call it with a parameter that does implement `Debug`, the compiler\nstill rejects the function. It must work with all possible input types. In\norder to make this example compile, we need to restrict the generic type we're\naccepting:\n\n```\nuse std::fmt;\n\n// Restrict the input type to types that implement Debug.\nfn some_func<T: fmt::Debug>(foo: T) {\n    println!(\"{:?}\", foo);\n}\n\nfn main() {\n    // Calling the method is still fine, as i32 implements Debug.\n    some_func(5i32);\n\n    // This would fail to compile now:\n    // struct WithoutDebug;\n    // some_func(WithoutDebug);\n}\n```\n\nRust only looks at the signature of the called function, as such it must\nalready specify all requirements that will be used for every type parameter.\n"},"level":"error","spans":[{"file_name":"src/arweave/mod.rs","byte_start":245,"byte_end":256,"line_start":12,"line_end":12,"column_start":35,"column_end":46,"is_primary":true,"text":[{"text":"#[derive(Clone, Debug, Serialize, Deserialize)]","highlight_start":35,"highlight_end":46}],"label":"the trait `Deserialize<'_>` is not implemented for `NaiveDateTime`","suggested_replacement":null,"suggestion_applicability":null,"expansion":{"span":{"file_name":"src/arweave/mod.rs","byte_start":245,"byte_end":256,"line_start":12,"line_end":12,"column_start":35,"column_end":46,"is_primary":false,"text":[{"text":"#[derive(Clone, Debug, Serialize, Deserialize)]","highlight_start":35,"highlight_end":46}],"label":null,"suggested_replacement":null,"suggestion_applicability":null,"expansion":null},"macro_decl_name":"#[derive(Deserialize)]","def_site_span":{"file_name":"/home/blockyj/.cargo/registry/src/index.crates.io-6f17d22bba15001f/serde_derive-1.0.219/src/lib.rs","byte_start":2880,"byte_end":2940,"line_start":100,"line_end":100,"column_start":1,"column_end":61,"is_primary":false,"text":[{"text":"pub fn derive_deserialize(input: TokenStream) -> TokenStream {","highlight_start":1,"highlight_end":61}],"label":null,"suggested_replacement":null,"suggestion_applicability":null,"expansion":null}}}],"children":[{"message":"for local types consider adding `#[derive(serde::Deserialize)]` to your `NaiveDateTime` type","code":null,"level":"note","spans":[],"children":[],"rendered":null},{"message":"for types from other crates check whether the crate offers a `serde` feature flag","code":null,"level":"note","spans":[],"children":[],"rendered":null},{"message":"the following other types implement trait `Deserialize<'de>`:\n  &'a JsonRawValue\n  &'a [u8]\n  &'a std::path::Path\n  &'a str\n  ()\n  (T,)\n  (T0, T1)\n  (T0, T1, T2)\nand 685 others","code":null,"level":"help","spans":[],"children":[],"rendered":null},{"message":"required by a bound in `arweave::_::_serde::__private::de::missing_field`","code":null,"level":"note","spans":[{"file_name":"/home/blockyj/.cargo/registry/src/index.crates.io-6f17d22bba15001f/serde-1.0.219/src/private/de.rs","byte_start":787,"byte_end":800,"line_start":23,"line_end":23,"column_start":8,"column_end":21,"is_primary":false,"text":[{"text":"pub fn missing_field<'de, V, E>(field: &'static str) -> Result<V, E>","highlight_start":8,"highlight_end":21}],"label":"required by a bound in this function","suggested_replacement":null,"suggestion_applicability":null,"expansion":null},{"file_name":"/home/blockyj/.cargo/registry/src/index.crates.io-6f17d22bba15001f/serde-1.0.219/src/private/de.rs","byte_start":862,"byte_end":878,"line_start":25,"line_end":25,"column_start":8,"column_end":24,"is_primary":true,"text":[{"text":"    V: Deserialize<'de>,","highlight_start":8,"highlight_end":24}],"label":"required by this bound in `missing_field`","suggested_replacement":null,"suggestion_applicability":null,"expansion":null}],"children":[],"rendered":null}],"rendered":"\u001b[0m\u001b[1m\u001b[38;5;9merror[E0277]\u001b[0m\u001b[0m\u001b[1m: the trait bound `NaiveDateTime: Deserialize<'_>` is not satisfied\u001b[0m\n\u001b[0m  \u001b[0m\u001b[0m\u001b[1m\u001b[38;5;12m--> \u001b[0m\u001b[0msrc/arweave/mod.rs:12:35\u001b[0m\n\u001b[0m   \u001b[0m\u001b[0m\u001b[1m\u001b[38;5;12m|\u001b[0m\n\u001b[0m\u001b[1m\u001b[38;5;12m12\u001b[0m\u001b[0m \u001b[0m\u001b[0m\u001b[1m\u001b[38;5;12m|\u001b[0m\u001b[0m \u001b[0m\u001b[0m#[derive(Clone, Debug, Serialize, Deserialize)]\u001b[0m\n\u001b[0m   \u001b[0m\u001b[0m\u001b[1m\u001b[38;5;12m|\u001b[0m\u001b[0m                                   \u001b[0m\u001b[0m\u001b[1m\u001b[38;5;9m^^^^^^^^^^^\u001b[0m\u001b[0m \u001b[0m\u001b[0m\u001b[1m\u001b[38;5;9mthe trait `Deserialize<'_>` is not implemented for `NaiveDateTime`\u001b[0m\n\u001b[0m   \u001b[0m\u001b[0m\u001b[1m\u001b[38;5;12m|\u001b[0m\n\u001b[0m   \u001b[0m\u001b[0m\u001b[1m\u001b[38;5;12m= \u001b[0m\u001b[0m\u001b[1mnote\u001b[0m\u001b[0m: for local types consider adding `#[derive(serde::Deserialize)]` to your `NaiveDateTime` type\u001b[0m\n\u001b[0m   \u001b[0m\u001b[0m\u001b[1m\u001b[38;5;12m= \u001b[0m\u001b[0m\u001b[1mnote\u001b[0m\u001b[0m: for types from other crates check whether the crate offers a `serde` feature flag\u001b[0m\n\u001b[0m   \u001b[0m\u001b[0m\u001b[1m\u001b[38;5;12m= \u001b[0m\u001b[0m\u001b[1mhelp\u001b[0m\u001b[0m: the following other types implement trait `Deserialize<'de>`:\u001b[0m\n\u001b[0m             &'a JsonRawValue\u001b[0m\n\u001b[0m             &'a [u8]\u001b[0m\n\u001b[0m             &'a std::path::Path\u001b[0m\n\u001b[0m             &'a str\u001b[0m\n\u001b[0m             ()\u001b[0m\n\u001b[0m             (T,)\u001b[0m\n\u001b[0m             (T0, T1)\u001b[0m\n\u001b[0m             (T0, T1, T2)\u001b[0m\n\u001b[0m           and 685 others\u001b[0m\n\u001b[0m\u001b[1m\u001b[38;5;10mnote\u001b[0m\u001b[0m: required by a bound in `arweave::_::_serde::__private::de::missing_field`\u001b[0m\n\u001b[0m  \u001b[0m\u001b[0m\u001b[1m\u001b[38;5;12m--> \u001b[0m\u001b[0m/home/blockyj/.cargo/registry/src/index.crates.io-6f17d22bba15001f/serde-1.0.219/src/private/de.rs:25:8\u001b[0m\n\u001b[0m   \u001b[0m\u001b[0m\u001b[1m\u001b[38;5;12m|\u001b[0m\n\u001b[0m\u001b[1m\u001b[38;5;12m23\u001b[0m\u001b[0m \u001b[0m\u001b[0m\u001b[1m\u001b[38;5;12m|\u001b[0m\u001b[0m \u001b[0m\u001b[0mpub fn missing_field<'de, V, E>(field: &'static str) -> Result<V, E>\u001b[0m\n\u001b[0m   \u001b[0m\u001b[0m\u001b[1m\u001b[38;5;12m|\u001b[0m\u001b[0m        \u001b[0m\u001b[0m\u001b[1m\u001b[38;5;12m-------------\u001b[0m\u001b[0m \u001b[0m\u001b[0m\u001b[1m\u001b[38;5;12mrequired by a bound in this function\u001b[0m\n\u001b[0m\u001b[1m\u001b[38;5;12m24\u001b[0m\u001b[0m \u001b[0m\u001b[0m\u001b[1m\u001b[38;5;12m|\u001b[0m\u001b[0m \u001b[0m\u001b[0mwhere\u001b[0m\n\u001b[0m\u001b[1m\u001b[38;5;12m25\u001b[0m\u001b[0m \u001b[0m\u001b[0m\u001b[1m\u001b[38;5;12m|\u001b[0m\u001b[0m \u001b[0m\u001b[0m    V: Deserialize<'de>,\u001b[0m\n\u001b[0m   \u001b[0m\u001b[0m\u001b[1m\u001b[38;5;12m|\u001b[0m\u001b[0m        \u001b[0m\u001b[0m\u001b[1m\u001b[38;5;10m^^^^^^^^^^^^^^^^\u001b[0m\u001b[0m \u001b[0m\u001b[0m\u001b[1m\u001b[38;5;10mrequired by this bound in `missing_field`\u001b[0m\n\u001b[0m   \u001b[0m\u001b[0m\u001b[1m\u001b[38;5;12m= \u001b[0m\u001b[0m\u001b[1mnote\u001b[0m\u001b[0m: this error originates in the derive macro `Deserialize` (in Nightly builds, run with -Z macro-backtrace for more info)\u001b[0m\n\n"}
{"$message_type":"diagnostic","message":"aborting due to 7 previous errors","code":null,"level":"error","spans":[],"children":[],"rendered":"\u001b[0m\u001b[1m\u001b[38;5;9merror\u001b[0m\u001b[0m\u001b[1m: aborting due to 7 previous errors\u001b[0m\n\n"}
{"$message_type":"diagnostic","message":"Some errors have detailed explanations: E0277, E0425.","code":null,"level":"failure-note","spans":[],"children":[],"rendered":"\u001b[0m\u001b[1mSome errors have detailed explanations: E0277, E0425.\u001b[0m\n"}
{"$message_type":"diagnostic","message":"For more information about an error, try `rustc --explain E0277`.","code":null,"level":"failure-note","spans":[],"children":[],"rendered":"\u001b[0m\u001b[1mFor more information about an error, try `rustc --explain E0277`.\u001b[0m\n"}
